<?xml version="1.0" encoding="UTF-8"?>
<!-- Generated by org.testng.reporters.JUnitReportReporter -->
<testsuite hostname="DESKTOP-7ARKDEF" failures="0" tests="6" name="com.qa.amazon.testcases.AmazonLandingPageTest" time="81.484" errors="0" timestamp="16 Sep. 2020 20:41:14 GMT" skipped="0">
  <testcase classname="com.qa.amazon.testcases.AmazonLandingPageTest" name="verifyAmazonLandingPageTitle" time="11.239"/>
  <testcase classname="com.qa.amazon.testcases.AmazonLandingPageTest" name="verifyAmazonLandingPageLogoTest" time="15.091"/>
  <testcase classname="com.qa.amazon.testcases.AmazonLandingPageTest" name="verifyAmazonLandingPageSearchTextBoxTest" time="13.194"/>
  <testcase classname="com.qa.amazon.testcases.AmazonLandingPageTest" name="verifyAmazonLandingPageFlagLogoTest" time="15.213"/>
  <testcase classname="com.qa.amazon.testcases.AmazonLandingPageTest" name="verifyAmazonLandingPageCondtionOfUseLinkTest" time="10.781"/>
  <testcase classname="com.qa.amazon.testcases.AmazonLandingPageTest" name="clickOnSignInLinkTest" time="15.966"/>
</testsuite> <!-- com.qa.amazon.testcases.AmazonLandingPageTest -->
