<?xml version="1.0" encoding="UTF-8"?>
<!-- Generated by org.testng.reporters.JUnitReportReporter -->
<testsuite hostname="DESKTOP-7ARKDEF" failures="0" tests="1" name="com.qa.amazon.testcases.AmazonLoginPageTest" time="97.092" errors="0" timestamp="17 Sep. 2020 17:36:00 GMT" skipped="0">
  <testcase classname="com.qa.amazon.testcases.AmazonLoginPageTest" name="verifyCreateAccountSubmitTest" time="97.092"/>
</testsuite> <!-- com.qa.amazon.testcases.AmazonLoginPageTest -->
