<?xml version="1.0" encoding="UTF-8"?>
<!-- Generated by org.testng.reporters.JUnitReportReporter -->
<testsuite hostname="DESKTOP-7ARKDEF" failures="0" tests="6" name="com.qa.amazon.testcases.LandingPageTest" time="276.187" errors="0" timestamp="24 Sep. 2020 18:35:12 GMT" skipped="0">
  <testcase classname="com.qa.amazon.testcases.LandingPageTest" name="verifyLandingPageTitleTest" time="34.395"/>
  <testcase classname="com.qa.amazon.testcases.LandingPageTest" name="verifyLandingPageLogoTest" time="44.613"/>
  <testcase classname="com.qa.amazon.testcases.LandingPageTest" name="verifyLandingPageSearchTextBoxTest" time="38.803"/>
  <testcase classname="com.qa.amazon.testcases.LandingPageTest" name="verifyLandingPageFlagLogoTest" time="46.429"/>
  <testcase classname="com.qa.amazon.testcases.LandingPageTest" name="verifyLandingPageCondtionOfUseLinkTest" time="52.990"/>
  <testcase classname="com.qa.amazon.testcases.LandingPageTest" name="verifyClickOnSignInLinkTest" time="58.957"/>
</testsuite> <!-- com.qa.amazon.testcases.LandingPageTest -->
