<?xml version="1.0" encoding="UTF-8"?>
<!-- Generated by org.testng.reporters.JUnitReportReporter -->
<testsuite hostname="DESKTOP-7ARKDEF" failures="0" tests="1" name="com.qa.amazon.testcases.HomePageTest" time="0.000" errors="0" timestamp="22 Sep. 2020 21:09:32 GMT" skipped="1">
  <testcase classname="com.qa.amazon.testcases.HomePageTest" name="searchTest" time="0.000">
    <skipped/>
  </testcase> <!-- searchTest -->
</testsuite> <!-- com.qa.amazon.testcases.HomePageTest -->
