<?xml version="1.0" encoding="UTF-8"?>
<!-- Generated by org.testng.reporters.JUnitReportReporter -->
<testsuite hostname="DESKTOP-7ARKDEF" failures="0" tests="7" name="com.qa.amazon.testcases.SignInPageTest" time="309.642" errors="0" timestamp="22 Sep. 2020 01:05:35 GMT" skipped="0">
  <testcase classname="com.qa.amazon.testcases.SignInPageTest" name="verifySignInPageTitleTest" time="33.703"/>
  <testcase classname="com.qa.amazon.testcases.SignInPageTest" name="verifyForgotPasswordLinkTest" time="62.449"/>
  <testcase classname="com.qa.amazon.testcases.SignInPageTest" name="verifyKeepMeCheckBoxTest" time="43.345"/>
  <testcase classname="com.qa.amazon.testcases.SignInPageTest" name="verifyDetailsLinkTest" time="38.832"/>
  <testcase classname="com.qa.amazon.testcases.SignInPageTest" name="verifyHelpLinkTest" time="48.312"/>
  <testcase classname="com.qa.amazon.testcases.SignInPageTest" name="verifyPrivacyNoticeLinkTest" time="32.441"/>
  <testcase classname="com.qa.amazon.testcases.SignInPageTest" name="verifyEnterPassword" time="50.560"/>
</testsuite> <!-- com.qa.amazon.testcases.SignInPageTest -->
