<?xml version="1.0" encoding="UTF-8"?>
<!-- Generated by org.testng.reporters.JUnitReportReporter -->
<testsuite hostname="DESKTOP-7ARKDEF" failures="0" tests="1" name="com.qa.amazon.testcases.LoginPageTest" time="29.753" errors="0" timestamp="22 Sep. 2020 00:38:23 GMT" skipped="0">
  <testcase classname="com.qa.amazon.testcases.LoginPageTest" name="verifyLoginPageTitleTest" time="29.753"/>
</testsuite> <!-- com.qa.amazon.testcases.LoginPageTest -->
